0 info it worked if it ends with ok
1 verbose cli [ 'C:\\Program Files\\nodejs\\\\node.exe',
1 verbose cli   'C:\\Program Files\\nodejs\\node_modules\\npm\\bin\\npm-cli.js',
1 verbose cli   'install',
1 verbose cli   'socket-io' ]
2 info using npm@1.4.28
3 info using node@v0.10.35
4 verbose node symlink C:\Program Files\nodejs\\node.exe
5 verbose config Skipping project config: C:\Users\Jawad/.npmrc. (matches userconfig)
6 warn package.json package@1.0.0 No repository field.
7 warn package.json package@1.0.0 No README data
8 verbose cache add [ 'socket-io', null ]
9 verbose cache add name=undefined spec="socket-io" args=["socket-io",null]
10 verbose parsed url { protocol: null,
10 verbose parsed url   slashes: null,
10 verbose parsed url   auth: null,
10 verbose parsed url   host: null,
10 verbose parsed url   port: null,
10 verbose parsed url   hostname: null,
10 verbose parsed url   hash: null,
10 verbose parsed url   search: null,
10 verbose parsed url   query: null,
10 verbose parsed url   pathname: 'socket-io',
10 verbose parsed url   path: 'socket-io',
10 verbose parsed url   href: 'socket-io' }
11 silly lockFile 2c2f14e9-socket-io socket-io
12 verbose lock socket-io C:\Users\Jawad\AppData\Roaming\npm-cache\2c2f14e9-socket-io.lock
13 silly lockFile 2c2f14e9-socket-io socket-io
14 silly lockFile 2c2f14e9-socket-io socket-io
15 verbose addNamed [ 'socket-io', '' ]
16 verbose addNamed [ null, '*' ]
17 silly lockFile d2f5c91d-socket-io socket-io@
18 verbose lock socket-io@ C:\Users\Jawad\AppData\Roaming\npm-cache\d2f5c91d-socket-io.lock
19 silly addNameRange { name: 'socket-io', range: '*', hasData: false }
20 verbose request where is /socket-io
21 verbose request registry https://registry.npmjs.org/
22 verbose request id b0a8be771f73dd2d
23 verbose url raw /socket-io
24 verbose url resolving [ 'https://registry.npmjs.org/', './socket-io' ]
25 verbose url resolved https://registry.npmjs.org/socket-io
26 verbose request where is https://registry.npmjs.org/socket-io
27 info trying registry request attempt 1 at 11:28:51
28 http GET https://registry.npmjs.org/socket-io
29 info retry will retry, error on last attempt: Error: getaddrinfo ENOTFOUND
30 info trying registry request attempt 2 at 11:29:12
31 http GET https://registry.npmjs.org/socket-io
32 http 404 https://registry.npmjs.org/socket-io
33 verbose headers { date: 'Wed, 01 Apr 2015 06:29:40 GMT',
33 verbose headers   server: 'CouchDB/1.5.0 (Erlang OTP/R16B03)',
33 verbose headers   'content-type': 'application/json',
33 verbose headers   'cache-control': 'max-age=0',
33 verbose headers   'content-length': '51',
33 verbose headers   'accept-ranges': 'bytes',
33 verbose headers   via: '1.1 varnish',
33 verbose headers   age: '0',
33 verbose headers   'x-served-by': 'cache-ams4139-AMS',
33 verbose headers   'x-cache': 'MISS',
33 verbose headers   'x-cache-hits': '0',
33 verbose headers   'x-timer': 'S1427869779.550316,VS0,VE654',
33 verbose headers   'keep-alive': 'timeout=10, max=50',
33 verbose headers   connection: 'Keep-Alive' }
34 silly registry.get cb [ 404,
34 silly registry.get   { date: 'Wed, 01 Apr 2015 06:29:40 GMT',
34 silly registry.get     server: 'CouchDB/1.5.0 (Erlang OTP/R16B03)',
34 silly registry.get     'content-type': 'application/json',
34 silly registry.get     'cache-control': 'max-age=0',
34 silly registry.get     'content-length': '51',
34 silly registry.get     'accept-ranges': 'bytes',
34 silly registry.get     via: '1.1 varnish',
34 silly registry.get     age: '0',
34 silly registry.get     'x-served-by': 'cache-ams4139-AMS',
34 silly registry.get     'x-cache': 'MISS',
34 silly registry.get     'x-cache-hits': '0',
34 silly registry.get     'x-timer': 'S1427869779.550316,VS0,VE654',
34 silly registry.get     'keep-alive': 'timeout=10, max=50',
34 silly registry.get     connection: 'Keep-Alive' } ]
35 silly lockFile d2f5c91d-socket-io socket-io@
36 silly lockFile d2f5c91d-socket-io socket-io@
37 error 404 404 Not Found: socket-io
37 error 404
37 error 404 'socket-io' is not in the npm registry.
37 error 404 You should bug the author to publish it
37 error 404
37 error 404 Note that you can also install from a
37 error 404 tarball, folder, or http url, or git url.
38 error System Windows_NT 6.2.9200
39 error command "C:\\Program Files\\nodejs\\\\node.exe" "C:\\Program Files\\nodejs\\node_modules\\npm\\bin\\npm-cli.js" "install" "socket-io"
40 error cwd C:\Users\Jawad\Desktop\Github Repos\The Dark Forest\server
41 error node -v v0.10.35
42 error npm -v 1.4.28
43 error code E404
44 verbose exit [ 1, true ]
